<?xml version="1.0" encoding="UTF-8"?>
<!-- Generated by org.testng.reporters.JUnitXMLReporter -->
<testsuite hostname="NaveenKumar" ignored="0" name="testng features" tests="3" failures="0" timestamp="15 Oct 2020 06:27:06 GMT" time="35.859" errors="0">
  <testcase name="tcm1" time="13.056" classname="com.hrms.TestScripts.TC_hrms_001"/>
  <testcase name="tcm2" time="12.193" classname="com.hrms.TestScripts.TC_hrms_002"/>
  <testcase name="tcm3" time="10.579" classname="com.hrms.TestScripts.TC_hrms_003"/>
</testsuite> <!-- testng features -->
