<?xml version="1.0" encoding="UTF-8"?>
<!-- Generated by org.testng.reporters.JUnitXMLReporter -->
<testsuite hostname="NaveenKumar" ignored="0" name="testng features(failed)" tests="3" failures="0" timestamp="15 Oct 2020 06:32:51 GMT" time="34.194" errors="0">
  <testcase name="tcm2" time="10.955" classname="com.hrms.TestScripts.TC_hrms_002"/>
  <testcase name="tcm1" time="11.879" classname="com.hrms.TestScripts.TC_hrms_001"/>
  <testcase name="tcm3" time="11.345" classname="com.hrms.TestScripts.TC_hrms_003"/>
</testsuite> <!-- testng features(failed) -->
